The system is: Linux - 2.6.29-ARCH - i686
Compiling the C compiler identification source file "CMakeCCompilerId.c" succeeded.
Compiler: /usr/bin/gcc 
Build flags: 
Id flags: 

The output was:
0


Compilation of the C compiler identification source "CMakeCCompilerId.c" produced "a.out"

The C compiler identification is GNU, found in "/home/feler/Desarrollo/ceres/CMakeFiles/CompilerIdC/a.out"

Compiling the CXX compiler identification source file "CMakeCXXCompilerId.cpp" succeeded.
Compiler: /usr/bin/c++ 
Build flags: 
Id flags: 

The output was:
0
CMakeCXXCompilerId.cpp:67: aviso: conversión obsoleta de una constante de cadena a ‘char*’
CMakeCXXCompilerId.cpp:157: aviso: conversión obsoleta de una constante de cadena a ‘char*’


Compilation of the CXX compiler identification source "CMakeCXXCompilerId.cpp" produced "a.out"

The CXX compiler identification is GNU, found in "/home/feler/Desarrollo/ceres/CMakeFiles/CompilerIdCXX/a.out"

Determining if the C compiler works passed with the following output:
Change Dir: /home/feler/Desarrollo/ceres/CMakeFiles/CMakeTmp

Run Build Command:/usr/bin/make "cmTryCompileExec/fast"
/usr/bin/make -f CMakeFiles/cmTryCompileExec.dir/build.make CMakeFiles/cmTryCompileExec.dir/build
make[1]: se ingresa al directorio `/home/feler/Desarrollo/ceres/CMakeFiles/CMakeTmp'
/usr/bin/cmake -E cmake_progress_report /home/feler/Desarrollo/ceres/CMakeFiles/CMakeTmp/CMakeFiles 1
Building C object CMakeFiles/cmTryCompileExec.dir/testCCompiler.c.o
/usr/bin/gcc    -o CMakeFiles/cmTryCompileExec.dir/testCCompiler.c.o   -c /home/feler/Desarrollo/ceres/CMakeFiles/CMakeTmp/testCCompiler.c
Linking C executable cmTryCompileExec
/usr/bin/cmake -E cmake_link_script CMakeFiles/cmTryCompileExec.dir/link.txt --verbose=1
/usr/bin/gcc       -fPIC CMakeFiles/cmTryCompileExec.dir/testCCompiler.c.o  -o cmTryCompileExec -rdynamic 
make[1]: se sale del directorio `/home/feler/Desarrollo/ceres/CMakeFiles/CMakeTmp'


Detecting C compiler ABI info compiled with the following output:
Change Dir: /home/feler/Desarrollo/ceres/CMakeFiles/CMakeTmp

Run Build Command:/usr/bin/make "cmTryCompileExec/fast"
/usr/bin/make -f CMakeFiles/cmTryCompileExec.dir/build.make CMakeFiles/cmTryCompileExec.dir/build
make[1]: se ingresa al directorio `/home/feler/Desarrollo/ceres/CMakeFiles/CMakeTmp'
/usr/bin/cmake -E cmake_progress_report /home/feler/Desarrollo/ceres/CMakeFiles/CMakeTmp/CMakeFiles 1
Building C object CMakeFiles/cmTryCompileExec.dir/CMakeCCompilerABI.c.o
/usr/bin/gcc    -o CMakeFiles/cmTryCompileExec.dir/CMakeCCompilerABI.c.o   -c /usr/share/cmake-2.6/Modules/CMakeCCompilerABI.c
Linking C executable cmTryCompileExec
/usr/bin/cmake -E cmake_link_script CMakeFiles/cmTryCompileExec.dir/link.txt --verbose=1
/usr/bin/gcc       -fPIC CMakeFiles/cmTryCompileExec.dir/CMakeCCompilerABI.c.o  -o cmTryCompileExec -rdynamic 
make[1]: se sale del directorio `/home/feler/Desarrollo/ceres/CMakeFiles/CMakeTmp'


Determining if the CXX compiler works passed with the following output:
Change Dir: /home/feler/Desarrollo/ceres/CMakeFiles/CMakeTmp

Run Build Command:/usr/bin/make "cmTryCompileExec/fast"
/usr/bin/make -f CMakeFiles/cmTryCompileExec.dir/build.make CMakeFiles/cmTryCompileExec.dir/build
make[1]: se ingresa al directorio `/home/feler/Desarrollo/ceres/CMakeFiles/CMakeTmp'
/usr/bin/cmake -E cmake_progress_report /home/feler/Desarrollo/ceres/CMakeFiles/CMakeTmp/CMakeFiles 1
Building CXX object CMakeFiles/cmTryCompileExec.dir/testCXXCompiler.cxx.o
/usr/bin/c++     -o CMakeFiles/cmTryCompileExec.dir/testCXXCompiler.cxx.o -c /home/feler/Desarrollo/ceres/CMakeFiles/CMakeTmp/testCXXCompiler.cxx
Linking CXX executable cmTryCompileExec
/usr/bin/cmake -E cmake_link_script CMakeFiles/cmTryCompileExec.dir/link.txt --verbose=1
/usr/bin/c++        -fPIC CMakeFiles/cmTryCompileExec.dir/testCXXCompiler.cxx.o  -o cmTryCompileExec -rdynamic 
make[1]: se sale del directorio `/home/feler/Desarrollo/ceres/CMakeFiles/CMakeTmp'


Detecting CXX compiler ABI info compiled with the following output:
Change Dir: /home/feler/Desarrollo/ceres/CMakeFiles/CMakeTmp

Run Build Command:/usr/bin/make "cmTryCompileExec/fast"
/usr/bin/make -f CMakeFiles/cmTryCompileExec.dir/build.make CMakeFiles/cmTryCompileExec.dir/build
make[1]: se ingresa al directorio `/home/feler/Desarrollo/ceres/CMakeFiles/CMakeTmp'
/usr/bin/cmake -E cmake_progress_report /home/feler/Desarrollo/ceres/CMakeFiles/CMakeTmp/CMakeFiles 1
Building CXX object CMakeFiles/cmTryCompileExec.dir/CMakeCXXCompilerABI.cpp.o
/usr/bin/c++     -o CMakeFiles/cmTryCompileExec.dir/CMakeCXXCompilerABI.cpp.o -c /usr/share/cmake-2.6/Modules/CMakeCXXCompilerABI.cpp
Linking CXX executable cmTryCompileExec
/usr/bin/cmake -E cmake_link_script CMakeFiles/cmTryCompileExec.dir/link.txt --verbose=1
/usr/bin/c++        -fPIC CMakeFiles/cmTryCompileExec.dir/CMakeCXXCompilerABI.cpp.o  -o cmTryCompileExec -rdynamic 
make[1]: se sale del directorio `/home/feler/Desarrollo/ceres/CMakeFiles/CMakeTmp'


Determining if the include file sys/types.h exists passed with the following output:
Change Dir: /home/feler/Desarrollo/ceres/CMakeFiles/CMakeTmp

Run Build Command:/usr/bin/make "cmTryCompileExec/fast"
/usr/bin/make -f CMakeFiles/cmTryCompileExec.dir/build.make CMakeFiles/cmTryCompileExec.dir/build
make[1]: se ingresa al directorio `/home/feler/Desarrollo/ceres/CMakeFiles/CMakeTmp'
/usr/bin/cmake -E cmake_progress_report /home/feler/Desarrollo/ceres/CMakeFiles/CMakeTmp/CMakeFiles 1
Building C object CMakeFiles/cmTryCompileExec.dir/CheckIncludeFile.c.o
/usr/bin/gcc    -o CMakeFiles/cmTryCompileExec.dir/CheckIncludeFile.c.o   -c /home/feler/Desarrollo/ceres/CMakeFiles/CMakeTmp/CheckIncludeFile.c
Linking C executable cmTryCompileExec
/usr/bin/cmake -E cmake_link_script CMakeFiles/cmTryCompileExec.dir/link.txt --verbose=1
/usr/bin/gcc       -fPIC CMakeFiles/cmTryCompileExec.dir/CheckIncludeFile.c.o  -o cmTryCompileExec -rdynamic 
make[1]: se sale del directorio `/home/feler/Desarrollo/ceres/CMakeFiles/CMakeTmp'


Determining if the include file stdint.h exists passed with the following output:
Change Dir: /home/feler/Desarrollo/ceres/CMakeFiles/CMakeTmp

Run Build Command:/usr/bin/make "cmTryCompileExec/fast"
/usr/bin/make -f CMakeFiles/cmTryCompileExec.dir/build.make CMakeFiles/cmTryCompileExec.dir/build
make[1]: se ingresa al directorio `/home/feler/Desarrollo/ceres/CMakeFiles/CMakeTmp'
/usr/bin/cmake -E cmake_progress_report /home/feler/Desarrollo/ceres/CMakeFiles/CMakeTmp/CMakeFiles 1
Building C object CMakeFiles/cmTryCompileExec.dir/CheckIncludeFile.c.o
/usr/bin/gcc    -o CMakeFiles/cmTryCompileExec.dir/CheckIncludeFile.c.o   -c /home/feler/Desarrollo/ceres/CMakeFiles/CMakeTmp/CheckIncludeFile.c
Linking C executable cmTryCompileExec
/usr/bin/cmake -E cmake_link_script CMakeFiles/cmTryCompileExec.dir/link.txt --verbose=1
/usr/bin/gcc       -fPIC CMakeFiles/cmTryCompileExec.dir/CheckIncludeFile.c.o  -o cmTryCompileExec -rdynamic 
make[1]: se sale del directorio `/home/feler/Desarrollo/ceres/CMakeFiles/CMakeTmp'


Determining if the include file stddef.h exists passed with the following output:
Change Dir: /home/feler/Desarrollo/ceres/CMakeFiles/CMakeTmp

Run Build Command:/usr/bin/make "cmTryCompileExec/fast"
/usr/bin/make -f CMakeFiles/cmTryCompileExec.dir/build.make CMakeFiles/cmTryCompileExec.dir/build
make[1]: se ingresa al directorio `/home/feler/Desarrollo/ceres/CMakeFiles/CMakeTmp'
/usr/bin/cmake -E cmake_progress_report /home/feler/Desarrollo/ceres/CMakeFiles/CMakeTmp/CMakeFiles 1
Building C object CMakeFiles/cmTryCompileExec.dir/CheckIncludeFile.c.o
/usr/bin/gcc    -o CMakeFiles/cmTryCompileExec.dir/CheckIncludeFile.c.o   -c /home/feler/Desarrollo/ceres/CMakeFiles/CMakeTmp/CheckIncludeFile.c
Linking C executable cmTryCompileExec
/usr/bin/cmake -E cmake_link_script CMakeFiles/cmTryCompileExec.dir/link.txt --verbose=1
/usr/bin/gcc       -fPIC CMakeFiles/cmTryCompileExec.dir/CheckIncludeFile.c.o  -o cmTryCompileExec -rdynamic 
make[1]: se sale del directorio `/home/feler/Desarrollo/ceres/CMakeFiles/CMakeTmp'


Determining size of unsigned short passed with the following output:
Change Dir: /home/feler/Desarrollo/ceres/CMakeFiles/CMakeTmp

Run Build Command:/usr/bin/make "cmTryCompileExec/fast"
/usr/bin/make -f CMakeFiles/cmTryCompileExec.dir/build.make CMakeFiles/cmTryCompileExec.dir/build
make[1]: se ingresa al directorio `/home/feler/Desarrollo/ceres/CMakeFiles/CMakeTmp'
/usr/bin/cmake -E cmake_progress_report /home/feler/Desarrollo/ceres/CMakeFiles/CMakeTmp/CMakeFiles 1
Building C object CMakeFiles/cmTryCompileExec.dir/CheckTypeSizeC.c.o
/usr/bin/gcc   -DHAVE_SYS_TYPES_H -DHAVE_STDINT_H -DHAVE_STDDEF_H   -o CMakeFiles/cmTryCompileExec.dir/CheckTypeSizeC.c.o   -c /home/feler/Desarrollo/ceres/CMakeFiles/CMakeTmp/CheckTypeSizeC.c
Linking C executable cmTryCompileExec
/usr/bin/cmake -E cmake_link_script CMakeFiles/cmTryCompileExec.dir/link.txt --verbose=1
/usr/bin/gcc      -DHAVE_SYS_TYPES_H -DHAVE_STDINT_H -DHAVE_STDDEF_H  -fPIC CMakeFiles/cmTryCompileExec.dir/CheckTypeSizeC.c.o  -o cmTryCompileExec -rdynamic 
make[1]: se sale del directorio `/home/feler/Desarrollo/ceres/CMakeFiles/CMakeTmp'


Determining if files pthread.h exist passed with the following output:
Change Dir: /home/feler/Desarrollo/ceres/CMakeFiles/CMakeTmp

Run Build Command:/usr/bin/make "cmTryCompileExec/fast"
make[1]: se ingresa al directorio `/home/feler/Desarrollo/ceres/CMakeFiles/CMakeTmp'
/usr/bin/make -f CMakeFiles/cmTryCompileExec.dir/build.make CMakeFiles/cmTryCompileExec.dir/build
make[2]: se ingresa al directorio `/home/feler/Desarrollo/ceres/CMakeFiles/CMakeTmp'
/usr/bin/cmake -E cmake_progress_report /home/feler/Desarrollo/ceres/CMakeFiles/CMakeTmp/CMakeFiles 1
Building C object CMakeFiles/cmTryCompileExec.dir/CheckIncludeFiles.c.o
/usr/bin/gcc    -o CMakeFiles/cmTryCompileExec.dir/CheckIncludeFiles.c.o   -c /home/feler/Desarrollo/ceres/CMakeFiles/CMakeTmp/CheckIncludeFiles.c
Linking C executable cmTryCompileExec
/usr/bin/cmake -E cmake_link_script CMakeFiles/cmTryCompileExec.dir/link.txt --verbose=1
/usr/bin/gcc       -fPIC CMakeFiles/cmTryCompileExec.dir/CheckIncludeFiles.c.o  -o cmTryCompileExec -rdynamic 
make[2]: se sale del directorio `/home/feler/Desarrollo/ceres/CMakeFiles/CMakeTmp'
make[1]: se sale del directorio `/home/feler/Desarrollo/ceres/CMakeFiles/CMakeTmp'


Determining if the function pthread_create exists in the pthread passed with the following output:
Change Dir: /home/feler/Desarrollo/ceres/CMakeFiles/CMakeTmp

Run Build Command:/usr/bin/make "cmTryCompileExec/fast"
make[1]: se ingresa al directorio `/home/feler/Desarrollo/ceres/CMakeFiles/CMakeTmp'
/usr/bin/make -f CMakeFiles/cmTryCompileExec.dir/build.make CMakeFiles/cmTryCompileExec.dir/build
make[2]: se ingresa al directorio `/home/feler/Desarrollo/ceres/CMakeFiles/CMakeTmp'
/usr/bin/cmake -E cmake_progress_report /home/feler/Desarrollo/ceres/CMakeFiles/CMakeTmp/CMakeFiles 1
Building C object CMakeFiles/cmTryCompileExec.dir/CheckFunctionExists.c.o
/usr/bin/gcc   -DCHECK_FUNCTION_EXISTS=pthread_create   -o CMakeFiles/cmTryCompileExec.dir/CheckFunctionExists.c.o   -c /usr/share/cmake-2.6/Modules/CheckFunctionExists.c
Linking C executable cmTryCompileExec
/usr/bin/cmake -E cmake_link_script CMakeFiles/cmTryCompileExec.dir/link.txt --verbose=1
/usr/bin/gcc     -DCHECK_FUNCTION_EXISTS=pthread_create  -fPIC CMakeFiles/cmTryCompileExec.dir/CheckFunctionExists.c.o  -o cmTryCompileExec -rdynamic -lpthread 
make[2]: se sale del directorio `/home/feler/Desarrollo/ceres/CMakeFiles/CMakeTmp'
make[1]: se sale del directorio `/home/feler/Desarrollo/ceres/CMakeFiles/CMakeTmp'


The system is: Linux - 2.6.29-ARCH - i686
Compiling the C compiler identification source file "CMakeCCompilerId.c" succeeded.
Compiler: /usr/bin/gcc 
Build flags: 
Id flags: 

The output was:
0


Compilation of the C compiler identification source "CMakeCCompilerId.c" produced "a.out"

The C compiler identification is GNU, found in "/home/feler/Desarrollo/ceres/CMakeFiles/CompilerIdC/a.out"

Compiling the CXX compiler identification source file "CMakeCXXCompilerId.cpp" succeeded.
Compiler: /usr/bin/c++ 
Build flags: 
Id flags: 

The output was:
0
CMakeCXXCompilerId.cpp:67: aviso: conversión obsoleta de una constante de cadena a ‘char*’
CMakeCXXCompilerId.cpp:157: aviso: conversión obsoleta de una constante de cadena a ‘char*’


Compilation of the CXX compiler identification source "CMakeCXXCompilerId.cpp" produced "a.out"

The CXX compiler identification is GNU, found in "/home/feler/Desarrollo/ceres/CMakeFiles/CompilerIdCXX/a.out"

Determining if the C compiler works passed with the following output:
Change Dir: /home/feler/Desarrollo/ceres/CMakeFiles/CMakeTmp

Run Build Command:/usr/bin/make "cmTryCompileExec/fast"
make[1]: se ingresa al directorio `/home/feler/Desarrollo/ceres/CMakeFiles/CMakeTmp'
/usr/bin/make -f CMakeFiles/cmTryCompileExec.dir/build.make CMakeFiles/cmTryCompileExec.dir/build
make[2]: se ingresa al directorio `/home/feler/Desarrollo/ceres/CMakeFiles/CMakeTmp'
/usr/bin/cmake -E cmake_progress_report /home/feler/Desarrollo/ceres/CMakeFiles/CMakeTmp/CMakeFiles 1
Building C object CMakeFiles/cmTryCompileExec.dir/testCCompiler.c.o
/usr/bin/gcc    -o CMakeFiles/cmTryCompileExec.dir/testCCompiler.c.o   -c /home/feler/Desarrollo/ceres/CMakeFiles/CMakeTmp/testCCompiler.c
Linking C executable cmTryCompileExec
/usr/bin/cmake -E cmake_link_script CMakeFiles/cmTryCompileExec.dir/link.txt --verbose=1
/usr/bin/gcc       -fPIC CMakeFiles/cmTryCompileExec.dir/testCCompiler.c.o  -o cmTryCompileExec -rdynamic 
make[2]: se sale del directorio `/home/feler/Desarrollo/ceres/CMakeFiles/CMakeTmp'
make[1]: se sale del directorio `/home/feler/Desarrollo/ceres/CMakeFiles/CMakeTmp'


Detecting C compiler ABI info compiled with the following output:
Change Dir: /home/feler/Desarrollo/ceres/CMakeFiles/CMakeTmp

Run Build Command:/usr/bin/make "cmTryCompileExec/fast"
make[1]: se ingresa al directorio `/home/feler/Desarrollo/ceres/CMakeFiles/CMakeTmp'
/usr/bin/make -f CMakeFiles/cmTryCompileExec.dir/build.make CMakeFiles/cmTryCompileExec.dir/build
make[2]: se ingresa al directorio `/home/feler/Desarrollo/ceres/CMakeFiles/CMakeTmp'
/usr/bin/cmake -E cmake_progress_report /home/feler/Desarrollo/ceres/CMakeFiles/CMakeTmp/CMakeFiles 1
Building C object CMakeFiles/cmTryCompileExec.dir/CMakeCCompilerABI.c.o
/usr/bin/gcc    -o CMakeFiles/cmTryCompileExec.dir/CMakeCCompilerABI.c.o   -c /usr/share/cmake-2.6/Modules/CMakeCCompilerABI.c
Linking C executable cmTryCompileExec
/usr/bin/cmake -E cmake_link_script CMakeFiles/cmTryCompileExec.dir/link.txt --verbose=1
/usr/bin/gcc       -fPIC CMakeFiles/cmTryCompileExec.dir/CMakeCCompilerABI.c.o  -o cmTryCompileExec -rdynamic 
make[2]: se sale del directorio `/home/feler/Desarrollo/ceres/CMakeFiles/CMakeTmp'
make[1]: se sale del directorio `/home/feler/Desarrollo/ceres/CMakeFiles/CMakeTmp'


Determining if the CXX compiler works passed with the following output:
Change Dir: /home/feler/Desarrollo/ceres/CMakeFiles/CMakeTmp

Run Build Command:/usr/bin/make "cmTryCompileExec/fast"
make[1]: se ingresa al directorio `/home/feler/Desarrollo/ceres/CMakeFiles/CMakeTmp'
/usr/bin/make -f CMakeFiles/cmTryCompileExec.dir/build.make CMakeFiles/cmTryCompileExec.dir/build
make[2]: se ingresa al directorio `/home/feler/Desarrollo/ceres/CMakeFiles/CMakeTmp'
/usr/bin/cmake -E cmake_progress_report /home/feler/Desarrollo/ceres/CMakeFiles/CMakeTmp/CMakeFiles 1
Building CXX object CMakeFiles/cmTryCompileExec.dir/testCXXCompiler.cxx.o
/usr/bin/c++     -o CMakeFiles/cmTryCompileExec.dir/testCXXCompiler.cxx.o -c /home/feler/Desarrollo/ceres/CMakeFiles/CMakeTmp/testCXXCompiler.cxx
Linking CXX executable cmTryCompileExec
/usr/bin/cmake -E cmake_link_script CMakeFiles/cmTryCompileExec.dir/link.txt --verbose=1
/usr/bin/c++        -fPIC CMakeFiles/cmTryCompileExec.dir/testCXXCompiler.cxx.o  -o cmTryCompileExec -rdynamic 
make[2]: se sale del directorio `/home/feler/Desarrollo/ceres/CMakeFiles/CMakeTmp'
make[1]: se sale del directorio `/home/feler/Desarrollo/ceres/CMakeFiles/CMakeTmp'


Detecting CXX compiler ABI info compiled with the following output:
Change Dir: /home/feler/Desarrollo/ceres/CMakeFiles/CMakeTmp

Run Build Command:/usr/bin/make "cmTryCompileExec/fast"
make[1]: se ingresa al directorio `/home/feler/Desarrollo/ceres/CMakeFiles/CMakeTmp'
/usr/bin/make -f CMakeFiles/cmTryCompileExec.dir/build.make CMakeFiles/cmTryCompileExec.dir/build
make[2]: se ingresa al directorio `/home/feler/Desarrollo/ceres/CMakeFiles/CMakeTmp'
/usr/bin/cmake -E cmake_progress_report /home/feler/Desarrollo/ceres/CMakeFiles/CMakeTmp/CMakeFiles 1
Building CXX object CMakeFiles/cmTryCompileExec.dir/CMakeCXXCompilerABI.cpp.o
/usr/bin/c++     -o CMakeFiles/cmTryCompileExec.dir/CMakeCXXCompilerABI.cpp.o -c /usr/share/cmake-2.6/Modules/CMakeCXXCompilerABI.cpp
Linking CXX executable cmTryCompileExec
/usr/bin/cmake -E cmake_link_script CMakeFiles/cmTryCompileExec.dir/link.txt --verbose=1
/usr/bin/c++        -fPIC CMakeFiles/cmTryCompileExec.dir/CMakeCXXCompilerABI.cpp.o  -o cmTryCompileExec -rdynamic 
make[2]: se sale del directorio `/home/feler/Desarrollo/ceres/CMakeFiles/CMakeTmp'
make[1]: se sale del directorio `/home/feler/Desarrollo/ceres/CMakeFiles/CMakeTmp'


Determining if the include file sys/types.h exists passed with the following output:
Change Dir: /home/feler/Desarrollo/ceres/CMakeFiles/CMakeTmp

Run Build Command:/usr/bin/make "cmTryCompileExec/fast"
make[1]: se ingresa al directorio `/home/feler/Desarrollo/ceres/CMakeFiles/CMakeTmp'
/usr/bin/make -f CMakeFiles/cmTryCompileExec.dir/build.make CMakeFiles/cmTryCompileExec.dir/build
make[2]: se ingresa al directorio `/home/feler/Desarrollo/ceres/CMakeFiles/CMakeTmp'
/usr/bin/cmake -E cmake_progress_report /home/feler/Desarrollo/ceres/CMakeFiles/CMakeTmp/CMakeFiles 1
Building C object CMakeFiles/cmTryCompileExec.dir/CheckIncludeFile.c.o
/usr/bin/gcc    -o CMakeFiles/cmTryCompileExec.dir/CheckIncludeFile.c.o   -c /home/feler/Desarrollo/ceres/CMakeFiles/CMakeTmp/CheckIncludeFile.c
Linking C executable cmTryCompileExec
/usr/bin/cmake -E cmake_link_script CMakeFiles/cmTryCompileExec.dir/link.txt --verbose=1
/usr/bin/gcc       -fPIC CMakeFiles/cmTryCompileExec.dir/CheckIncludeFile.c.o  -o cmTryCompileExec -rdynamic 
make[2]: se sale del directorio `/home/feler/Desarrollo/ceres/CMakeFiles/CMakeTmp'
make[1]: se sale del directorio `/home/feler/Desarrollo/ceres/CMakeFiles/CMakeTmp'


Determining if the include file stdint.h exists passed with the following output:
Change Dir: /home/feler/Desarrollo/ceres/CMakeFiles/CMakeTmp

Run Build Command:/usr/bin/make "cmTryCompileExec/fast"
make[1]: se ingresa al directorio `/home/feler/Desarrollo/ceres/CMakeFiles/CMakeTmp'
/usr/bin/make -f CMakeFiles/cmTryCompileExec.dir/build.make CMakeFiles/cmTryCompileExec.dir/build
make[2]: se ingresa al directorio `/home/feler/Desarrollo/ceres/CMakeFiles/CMakeTmp'
/usr/bin/cmake -E cmake_progress_report /home/feler/Desarrollo/ceres/CMakeFiles/CMakeTmp/CMakeFiles 1
Building C object CMakeFiles/cmTryCompileExec.dir/CheckIncludeFile.c.o
/usr/bin/gcc    -o CMakeFiles/cmTryCompileExec.dir/CheckIncludeFile.c.o   -c /home/feler/Desarrollo/ceres/CMakeFiles/CMakeTmp/CheckIncludeFile.c
Linking C executable cmTryCompileExec
/usr/bin/cmake -E cmake_link_script CMakeFiles/cmTryCompileExec.dir/link.txt --verbose=1
/usr/bin/gcc       -fPIC CMakeFiles/cmTryCompileExec.dir/CheckIncludeFile.c.o  -o cmTryCompileExec -rdynamic 
make[2]: se sale del directorio `/home/feler/Desarrollo/ceres/CMakeFiles/CMakeTmp'
make[1]: se sale del directorio `/home/feler/Desarrollo/ceres/CMakeFiles/CMakeTmp'


Determining if the include file stddef.h exists passed with the following output:
Change Dir: /home/feler/Desarrollo/ceres/CMakeFiles/CMakeTmp

Run Build Command:/usr/bin/make "cmTryCompileExec/fast"
make[1]: se ingresa al directorio `/home/feler/Desarrollo/ceres/CMakeFiles/CMakeTmp'
/usr/bin/make -f CMakeFiles/cmTryCompileExec.dir/build.make CMakeFiles/cmTryCompileExec.dir/build
make[2]: se ingresa al directorio `/home/feler/Desarrollo/ceres/CMakeFiles/CMakeTmp'
/usr/bin/cmake -E cmake_progress_report /home/feler/Desarrollo/ceres/CMakeFiles/CMakeTmp/CMakeFiles 1
Building C object CMakeFiles/cmTryCompileExec.dir/CheckIncludeFile.c.o
/usr/bin/gcc    -o CMakeFiles/cmTryCompileExec.dir/CheckIncludeFile.c.o   -c /home/feler/Desarrollo/ceres/CMakeFiles/CMakeTmp/CheckIncludeFile.c
Linking C executable cmTryCompileExec
/usr/bin/cmake -E cmake_link_script CMakeFiles/cmTryCompileExec.dir/link.txt --verbose=1
/usr/bin/gcc       -fPIC CMakeFiles/cmTryCompileExec.dir/CheckIncludeFile.c.o  -o cmTryCompileExec -rdynamic 
make[2]: se sale del directorio `/home/feler/Desarrollo/ceres/CMakeFiles/CMakeTmp'
make[1]: se sale del directorio `/home/feler/Desarrollo/ceres/CMakeFiles/CMakeTmp'


Determining size of unsigned short passed with the following output:
Change Dir: /home/feler/Desarrollo/ceres/CMakeFiles/CMakeTmp

Run Build Command:/usr/bin/make "cmTryCompileExec/fast"
make[1]: se ingresa al directorio `/home/feler/Desarrollo/ceres/CMakeFiles/CMakeTmp'
/usr/bin/make -f CMakeFiles/cmTryCompileExec.dir/build.make CMakeFiles/cmTryCompileExec.dir/build
make[2]: se ingresa al directorio `/home/feler/Desarrollo/ceres/CMakeFiles/CMakeTmp'
/usr/bin/cmake -E cmake_progress_report /home/feler/Desarrollo/ceres/CMakeFiles/CMakeTmp/CMakeFiles 1
Building C object CMakeFiles/cmTryCompileExec.dir/CheckTypeSizeC.c.o
/usr/bin/gcc   -DHAVE_SYS_TYPES_H -DHAVE_STDINT_H -DHAVE_STDDEF_H   -o CMakeFiles/cmTryCompileExec.dir/CheckTypeSizeC.c.o   -c /home/feler/Desarrollo/ceres/CMakeFiles/CMakeTmp/CheckTypeSizeC.c
Linking C executable cmTryCompileExec
/usr/bin/cmake -E cmake_link_script CMakeFiles/cmTryCompileExec.dir/link.txt --verbose=1
/usr/bin/gcc      -DHAVE_SYS_TYPES_H -DHAVE_STDINT_H -DHAVE_STDDEF_H  -fPIC CMakeFiles/cmTryCompileExec.dir/CheckTypeSizeC.c.o  -o cmTryCompileExec -rdynamic 
make[2]: se sale del directorio `/home/feler/Desarrollo/ceres/CMakeFiles/CMakeTmp'
make[1]: se sale del directorio `/home/feler/Desarrollo/ceres/CMakeFiles/CMakeTmp'


Determining if files pthread.h exist passed with the following output:
Change Dir: /home/feler/Desarrollo/ceres/CMakeFiles/CMakeTmp

Run Build Command:/usr/bin/make "cmTryCompileExec/fast"
make[1]: se ingresa al directorio `/home/feler/Desarrollo/ceres/CMakeFiles/CMakeTmp'
/usr/bin/make -f CMakeFiles/cmTryCompileExec.dir/build.make CMakeFiles/cmTryCompileExec.dir/build
make[2]: se ingresa al directorio `/home/feler/Desarrollo/ceres/CMakeFiles/CMakeTmp'
/usr/bin/cmake -E cmake_progress_report /home/feler/Desarrollo/ceres/CMakeFiles/CMakeTmp/CMakeFiles 1
Building C object CMakeFiles/cmTryCompileExec.dir/CheckIncludeFiles.c.o
/usr/bin/gcc    -o CMakeFiles/cmTryCompileExec.dir/CheckIncludeFiles.c.o   -c /home/feler/Desarrollo/ceres/CMakeFiles/CMakeTmp/CheckIncludeFiles.c
Linking C executable cmTryCompileExec
/usr/bin/cmake -E cmake_link_script CMakeFiles/cmTryCompileExec.dir/link.txt --verbose=1
/usr/bin/gcc       -fPIC CMakeFiles/cmTryCompileExec.dir/CheckIncludeFiles.c.o  -o cmTryCompileExec -rdynamic 
make[2]: se sale del directorio `/home/feler/Desarrollo/ceres/CMakeFiles/CMakeTmp'
make[1]: se sale del directorio `/home/feler/Desarrollo/ceres/CMakeFiles/CMakeTmp'


Determining if the function pthread_create exists in the pthread passed with the following output:
Change Dir: /home/feler/Desarrollo/ceres/CMakeFiles/CMakeTmp

Run Build Command:/usr/bin/make "cmTryCompileExec/fast"
make[1]: se ingresa al directorio `/home/feler/Desarrollo/ceres/CMakeFiles/CMakeTmp'
/usr/bin/make -f CMakeFiles/cmTryCompileExec.dir/build.make CMakeFiles/cmTryCompileExec.dir/build
make[2]: se ingresa al directorio `/home/feler/Desarrollo/ceres/CMakeFiles/CMakeTmp'
/usr/bin/cmake -E cmake_progress_report /home/feler/Desarrollo/ceres/CMakeFiles/CMakeTmp/CMakeFiles 1
Building C object CMakeFiles/cmTryCompileExec.dir/CheckFunctionExists.c.o
/usr/bin/gcc   -DCHECK_FUNCTION_EXISTS=pthread_create   -o CMakeFiles/cmTryCompileExec.dir/CheckFunctionExists.c.o   -c /usr/share/cmake-2.6/Modules/CheckFunctionExists.c
Linking C executable cmTryCompileExec
/usr/bin/cmake -E cmake_link_script CMakeFiles/cmTryCompileExec.dir/link.txt --verbose=1
/usr/bin/gcc     -DCHECK_FUNCTION_EXISTS=pthread_create  -fPIC CMakeFiles/cmTryCompileExec.dir/CheckFunctionExists.c.o  -o cmTryCompileExec -rdynamic -lpthread 
make[2]: se sale del directorio `/home/feler/Desarrollo/ceres/CMakeFiles/CMakeTmp'
make[1]: se sale del directorio `/home/feler/Desarrollo/ceres/CMakeFiles/CMakeTmp'


The system is: Linux - 2.6.29-ARCH - i686
Compiling the C compiler identification source file "CMakeCCompilerId.c" succeeded.
Compiler: /usr/bin/gcc 
Build flags: 
Id flags: 

The output was:
0


Compilation of the C compiler identification source "CMakeCCompilerId.c" produced "a.out"

The C compiler identification is GNU, found in "/home/feler/Desarrollo/ceres/CMakeFiles/CompilerIdC/a.out"

Compiling the CXX compiler identification source file "CMakeCXXCompilerId.cpp" succeeded.
Compiler: /usr/bin/c++ 
Build flags: 
Id flags: 

The output was:
0
CMakeCXXCompilerId.cpp:67: aviso: conversión obsoleta de una constante de cadena a ‘char*’
CMakeCXXCompilerId.cpp:157: aviso: conversión obsoleta de una constante de cadena a ‘char*’


Compilation of the CXX compiler identification source "CMakeCXXCompilerId.cpp" produced "a.out"

The CXX compiler identification is GNU, found in "/home/feler/Desarrollo/ceres/CMakeFiles/CompilerIdCXX/a.out"

Determining if the C compiler works passed with the following output:
Change Dir: /home/feler/Desarrollo/ceres/CMakeFiles/CMakeTmp

Run Build Command:/usr/bin/make "cmTryCompileExec/fast"
make[1]: se ingresa al directorio `/home/feler/Desarrollo/ceres/CMakeFiles/CMakeTmp'
/usr/bin/make -f CMakeFiles/cmTryCompileExec.dir/build.make CMakeFiles/cmTryCompileExec.dir/build
make[2]: se ingresa al directorio `/home/feler/Desarrollo/ceres/CMakeFiles/CMakeTmp'
/usr/bin/cmake -E cmake_progress_report /home/feler/Desarrollo/ceres/CMakeFiles/CMakeTmp/CMakeFiles 1
Building C object CMakeFiles/cmTryCompileExec.dir/testCCompiler.c.o
/usr/bin/gcc    -o CMakeFiles/cmTryCompileExec.dir/testCCompiler.c.o   -c /home/feler/Desarrollo/ceres/CMakeFiles/CMakeTmp/testCCompiler.c
Linking C executable cmTryCompileExec
/usr/bin/cmake -E cmake_link_script CMakeFiles/cmTryCompileExec.dir/link.txt --verbose=1
/usr/bin/gcc       -fPIC CMakeFiles/cmTryCompileExec.dir/testCCompiler.c.o  -o cmTryCompileExec -rdynamic 
make[2]: se sale del directorio `/home/feler/Desarrollo/ceres/CMakeFiles/CMakeTmp'
make[1]: se sale del directorio `/home/feler/Desarrollo/ceres/CMakeFiles/CMakeTmp'


Detecting C compiler ABI info compiled with the following output:
Change Dir: /home/feler/Desarrollo/ceres/CMakeFiles/CMakeTmp

Run Build Command:/usr/bin/make "cmTryCompileExec/fast"
make[1]: se ingresa al directorio `/home/feler/Desarrollo/ceres/CMakeFiles/CMakeTmp'
/usr/bin/make -f CMakeFiles/cmTryCompileExec.dir/build.make CMakeFiles/cmTryCompileExec.dir/build
make[2]: se ingresa al directorio `/home/feler/Desarrollo/ceres/CMakeFiles/CMakeTmp'
/usr/bin/cmake -E cmake_progress_report /home/feler/Desarrollo/ceres/CMakeFiles/CMakeTmp/CMakeFiles 1
Building C object CMakeFiles/cmTryCompileExec.dir/CMakeCCompilerABI.c.o
/usr/bin/gcc    -o CMakeFiles/cmTryCompileExec.dir/CMakeCCompilerABI.c.o   -c /usr/share/cmake-2.6/Modules/CMakeCCompilerABI.c
Linking C executable cmTryCompileExec
/usr/bin/cmake -E cmake_link_script CMakeFiles/cmTryCompileExec.dir/link.txt --verbose=1
/usr/bin/gcc       -fPIC CMakeFiles/cmTryCompileExec.dir/CMakeCCompilerABI.c.o  -o cmTryCompileExec -rdynamic 
make[2]: se sale del directorio `/home/feler/Desarrollo/ceres/CMakeFiles/CMakeTmp'
make[1]: se sale del directorio `/home/feler/Desarrollo/ceres/CMakeFiles/CMakeTmp'


Determining if the CXX compiler works passed with the following output:
Change Dir: /home/feler/Desarrollo/ceres/CMakeFiles/CMakeTmp

Run Build Command:/usr/bin/make "cmTryCompileExec/fast"
make[1]: se ingresa al directorio `/home/feler/Desarrollo/ceres/CMakeFiles/CMakeTmp'
/usr/bin/make -f CMakeFiles/cmTryCompileExec.dir/build.make CMakeFiles/cmTryCompileExec.dir/build
make[2]: se ingresa al directorio `/home/feler/Desarrollo/ceres/CMakeFiles/CMakeTmp'
/usr/bin/cmake -E cmake_progress_report /home/feler/Desarrollo/ceres/CMakeFiles/CMakeTmp/CMakeFiles 1
Building CXX object CMakeFiles/cmTryCompileExec.dir/testCXXCompiler.cxx.o
/usr/bin/c++     -o CMakeFiles/cmTryCompileExec.dir/testCXXCompiler.cxx.o -c /home/feler/Desarrollo/ceres/CMakeFiles/CMakeTmp/testCXXCompiler.cxx
Linking CXX executable cmTryCompileExec
/usr/bin/cmake -E cmake_link_script CMakeFiles/cmTryCompileExec.dir/link.txt --verbose=1
/usr/bin/c++        -fPIC CMakeFiles/cmTryCompileExec.dir/testCXXCompiler.cxx.o  -o cmTryCompileExec -rdynamic 
make[2]: se sale del directorio `/home/feler/Desarrollo/ceres/CMakeFiles/CMakeTmp'
make[1]: se sale del directorio `/home/feler/Desarrollo/ceres/CMakeFiles/CMakeTmp'


Detecting CXX compiler ABI info compiled with the following output:
Change Dir: /home/feler/Desarrollo/ceres/CMakeFiles/CMakeTmp

Run Build Command:/usr/bin/make "cmTryCompileExec/fast"
make[1]: se ingresa al directorio `/home/feler/Desarrollo/ceres/CMakeFiles/CMakeTmp'
/usr/bin/make -f CMakeFiles/cmTryCompileExec.dir/build.make CMakeFiles/cmTryCompileExec.dir/build
make[2]: se ingresa al directorio `/home/feler/Desarrollo/ceres/CMakeFiles/CMakeTmp'
/usr/bin/cmake -E cmake_progress_report /home/feler/Desarrollo/ceres/CMakeFiles/CMakeTmp/CMakeFiles 1
Building CXX object CMakeFiles/cmTryCompileExec.dir/CMakeCXXCompilerABI.cpp.o
/usr/bin/c++     -o CMakeFiles/cmTryCompileExec.dir/CMakeCXXCompilerABI.cpp.o -c /usr/share/cmake-2.6/Modules/CMakeCXXCompilerABI.cpp
Linking CXX executable cmTryCompileExec
/usr/bin/cmake -E cmake_link_script CMakeFiles/cmTryCompileExec.dir/link.txt --verbose=1
/usr/bin/c++        -fPIC CMakeFiles/cmTryCompileExec.dir/CMakeCXXCompilerABI.cpp.o  -o cmTryCompileExec -rdynamic 
make[2]: se sale del directorio `/home/feler/Desarrollo/ceres/CMakeFiles/CMakeTmp'
make[1]: se sale del directorio `/home/feler/Desarrollo/ceres/CMakeFiles/CMakeTmp'


Determining if the include file sys/types.h exists passed with the following output:
Change Dir: /home/feler/Desarrollo/ceres/CMakeFiles/CMakeTmp

Run Build Command:/usr/bin/make "cmTryCompileExec/fast"
make[1]: se ingresa al directorio `/home/feler/Desarrollo/ceres/CMakeFiles/CMakeTmp'
/usr/bin/make -f CMakeFiles/cmTryCompileExec.dir/build.make CMakeFiles/cmTryCompileExec.dir/build
make[2]: se ingresa al directorio `/home/feler/Desarrollo/ceres/CMakeFiles/CMakeTmp'
/usr/bin/cmake -E cmake_progress_report /home/feler/Desarrollo/ceres/CMakeFiles/CMakeTmp/CMakeFiles 1
Building C object CMakeFiles/cmTryCompileExec.dir/CheckIncludeFile.c.o
/usr/bin/gcc    -o CMakeFiles/cmTryCompileExec.dir/CheckIncludeFile.c.o   -c /home/feler/Desarrollo/ceres/CMakeFiles/CMakeTmp/CheckIncludeFile.c
Linking C executable cmTryCompileExec
/usr/bin/cmake -E cmake_link_script CMakeFiles/cmTryCompileExec.dir/link.txt --verbose=1
/usr/bin/gcc       -fPIC CMakeFiles/cmTryCompileExec.dir/CheckIncludeFile.c.o  -o cmTryCompileExec -rdynamic 
make[2]: se sale del directorio `/home/feler/Desarrollo/ceres/CMakeFiles/CMakeTmp'
make[1]: se sale del directorio `/home/feler/Desarrollo/ceres/CMakeFiles/CMakeTmp'


Determining if the include file stdint.h exists passed with the following output:
Change Dir: /home/feler/Desarrollo/ceres/CMakeFiles/CMakeTmp

Run Build Command:/usr/bin/make "cmTryCompileExec/fast"
make[1]: se ingresa al directorio `/home/feler/Desarrollo/ceres/CMakeFiles/CMakeTmp'
/usr/bin/make -f CMakeFiles/cmTryCompileExec.dir/build.make CMakeFiles/cmTryCompileExec.dir/build
make[2]: se ingresa al directorio `/home/feler/Desarrollo/ceres/CMakeFiles/CMakeTmp'
/usr/bin/cmake -E cmake_progress_report /home/feler/Desarrollo/ceres/CMakeFiles/CMakeTmp/CMakeFiles 1
Building C object CMakeFiles/cmTryCompileExec.dir/CheckIncludeFile.c.o
/usr/bin/gcc    -o CMakeFiles/cmTryCompileExec.dir/CheckIncludeFile.c.o   -c /home/feler/Desarrollo/ceres/CMakeFiles/CMakeTmp/CheckIncludeFile.c
Linking C executable cmTryCompileExec
/usr/bin/cmake -E cmake_link_script CMakeFiles/cmTryCompileExec.dir/link.txt --verbose=1
/usr/bin/gcc       -fPIC CMakeFiles/cmTryCompileExec.dir/CheckIncludeFile.c.o  -o cmTryCompileExec -rdynamic 
make[2]: se sale del directorio `/home/feler/Desarrollo/ceres/CMakeFiles/CMakeTmp'
make[1]: se sale del directorio `/home/feler/Desarrollo/ceres/CMakeFiles/CMakeTmp'


Determining if the include file stddef.h exists passed with the following output:
Change Dir: /home/feler/Desarrollo/ceres/CMakeFiles/CMakeTmp

Run Build Command:/usr/bin/make "cmTryCompileExec/fast"
make[1]: se ingresa al directorio `/home/feler/Desarrollo/ceres/CMakeFiles/CMakeTmp'
/usr/bin/make -f CMakeFiles/cmTryCompileExec.dir/build.make CMakeFiles/cmTryCompileExec.dir/build
make[2]: se ingresa al directorio `/home/feler/Desarrollo/ceres/CMakeFiles/CMakeTmp'
/usr/bin/cmake -E cmake_progress_report /home/feler/Desarrollo/ceres/CMakeFiles/CMakeTmp/CMakeFiles 1
Building C object CMakeFiles/cmTryCompileExec.dir/CheckIncludeFile.c.o
/usr/bin/gcc    -o CMakeFiles/cmTryCompileExec.dir/CheckIncludeFile.c.o   -c /home/feler/Desarrollo/ceres/CMakeFiles/CMakeTmp/CheckIncludeFile.c
Linking C executable cmTryCompileExec
/usr/bin/cmake -E cmake_link_script CMakeFiles/cmTryCompileExec.dir/link.txt --verbose=1
/usr/bin/gcc       -fPIC CMakeFiles/cmTryCompileExec.dir/CheckIncludeFile.c.o  -o cmTryCompileExec -rdynamic 
make[2]: se sale del directorio `/home/feler/Desarrollo/ceres/CMakeFiles/CMakeTmp'
make[1]: se sale del directorio `/home/feler/Desarrollo/ceres/CMakeFiles/CMakeTmp'


Determining size of unsigned short passed with the following output:
Change Dir: /home/feler/Desarrollo/ceres/CMakeFiles/CMakeTmp

Run Build Command:/usr/bin/make "cmTryCompileExec/fast"
make[1]: se ingresa al directorio `/home/feler/Desarrollo/ceres/CMakeFiles/CMakeTmp'
/usr/bin/make -f CMakeFiles/cmTryCompileExec.dir/build.make CMakeFiles/cmTryCompileExec.dir/build
make[2]: se ingresa al directorio `/home/feler/Desarrollo/ceres/CMakeFiles/CMakeTmp'
/usr/bin/cmake -E cmake_progress_report /home/feler/Desarrollo/ceres/CMakeFiles/CMakeTmp/CMakeFiles 1
Building C object CMakeFiles/cmTryCompileExec.dir/CheckTypeSizeC.c.o
/usr/bin/gcc   -DHAVE_SYS_TYPES_H -DHAVE_STDINT_H -DHAVE_STDDEF_H   -o CMakeFiles/cmTryCompileExec.dir/CheckTypeSizeC.c.o   -c /home/feler/Desarrollo/ceres/CMakeFiles/CMakeTmp/CheckTypeSizeC.c
Linking C executable cmTryCompileExec
/usr/bin/cmake -E cmake_link_script CMakeFiles/cmTryCompileExec.dir/link.txt --verbose=1
/usr/bin/gcc      -DHAVE_SYS_TYPES_H -DHAVE_STDINT_H -DHAVE_STDDEF_H  -fPIC CMakeFiles/cmTryCompileExec.dir/CheckTypeSizeC.c.o  -o cmTryCompileExec -rdynamic 
make[2]: se sale del directorio `/home/feler/Desarrollo/ceres/CMakeFiles/CMakeTmp'
make[1]: se sale del directorio `/home/feler/Desarrollo/ceres/CMakeFiles/CMakeTmp'


Determining if files pthread.h exist passed with the following output:
Change Dir: /home/feler/Desarrollo/ceres/CMakeFiles/CMakeTmp

Run Build Command:/usr/bin/make "cmTryCompileExec/fast"
make[1]: se ingresa al directorio `/home/feler/Desarrollo/ceres/CMakeFiles/CMakeTmp'
/usr/bin/make -f CMakeFiles/cmTryCompileExec.dir/build.make CMakeFiles/cmTryCompileExec.dir/build
make[2]: se ingresa al directorio `/home/feler/Desarrollo/ceres/CMakeFiles/CMakeTmp'
/usr/bin/cmake -E cmake_progress_report /home/feler/Desarrollo/ceres/CMakeFiles/CMakeTmp/CMakeFiles 1
Building C object CMakeFiles/cmTryCompileExec.dir/CheckIncludeFiles.c.o
/usr/bin/gcc    -o CMakeFiles/cmTryCompileExec.dir/CheckIncludeFiles.c.o   -c /home/feler/Desarrollo/ceres/CMakeFiles/CMakeTmp/CheckIncludeFiles.c
Linking C executable cmTryCompileExec
/usr/bin/cmake -E cmake_link_script CMakeFiles/cmTryCompileExec.dir/link.txt --verbose=1
/usr/bin/gcc       -fPIC CMakeFiles/cmTryCompileExec.dir/CheckIncludeFiles.c.o  -o cmTryCompileExec -rdynamic 
make[2]: se sale del directorio `/home/feler/Desarrollo/ceres/CMakeFiles/CMakeTmp'
make[1]: se sale del directorio `/home/feler/Desarrollo/ceres/CMakeFiles/CMakeTmp'


Determining if the function pthread_create exists in the pthread passed with the following output:
Change Dir: /home/feler/Desarrollo/ceres/CMakeFiles/CMakeTmp

Run Build Command:/usr/bin/make "cmTryCompileExec/fast"
make[1]: se ingresa al directorio `/home/feler/Desarrollo/ceres/CMakeFiles/CMakeTmp'
/usr/bin/make -f CMakeFiles/cmTryCompileExec.dir/build.make CMakeFiles/cmTryCompileExec.dir/build
make[2]: se ingresa al directorio `/home/feler/Desarrollo/ceres/CMakeFiles/CMakeTmp'
/usr/bin/cmake -E cmake_progress_report /home/feler/Desarrollo/ceres/CMakeFiles/CMakeTmp/CMakeFiles 1
Building C object CMakeFiles/cmTryCompileExec.dir/CheckFunctionExists.c.o
/usr/bin/gcc   -DCHECK_FUNCTION_EXISTS=pthread_create   -o CMakeFiles/cmTryCompileExec.dir/CheckFunctionExists.c.o   -c /usr/share/cmake-2.6/Modules/CheckFunctionExists.c
Linking C executable cmTryCompileExec
/usr/bin/cmake -E cmake_link_script CMakeFiles/cmTryCompileExec.dir/link.txt --verbose=1
/usr/bin/gcc     -DCHECK_FUNCTION_EXISTS=pthread_create  -fPIC CMakeFiles/cmTryCompileExec.dir/CheckFunctionExists.c.o  -o cmTryCompileExec -rdynamic -lpthread 
make[2]: se sale del directorio `/home/feler/Desarrollo/ceres/CMakeFiles/CMakeTmp'
make[1]: se sale del directorio `/home/feler/Desarrollo/ceres/CMakeFiles/CMakeTmp'


